0 info it worked if it ends with ok
1 verbose cli [ 'node', '/usr/local/bin/npm', 'publish', 'projs' ]
2 info using npm@1.2.23
3 info using node@v0.10.8
4 verbose publish [ 'projs' ]
5 verbose read json /Users/mac/Documents/my_work_space/projs2/projs/projs/package.json
6 verbose cache add [ 'projs', null ]
7 verbose cache add name=undefined spec="projs" args=["projs",null]
8 verbose parsed url { protocol: null,
8 verbose parsed url   slashes: null,
8 verbose parsed url   auth: null,
8 verbose parsed url   host: null,
8 verbose parsed url   port: null,
8 verbose parsed url   hostname: null,
8 verbose parsed url   hash: null,
8 verbose parsed url   search: null,
8 verbose parsed url   query: null,
8 verbose parsed url   pathname: 'projs',
8 verbose parsed url   path: 'projs',
8 verbose parsed url   href: 'projs' }
9 silly lockFile af5ee7d6-projs projs
10 verbose lock projs /Users/mac/.npm/af5ee7d6-projs.lock
11 silly lockFile af5ee7d6-projs projs
12 silly lockFile af5ee7d6-projs projs
13 verbose addNamed [ 'projs', '' ]
14 verbose addNamed [ null, '' ]
15 silly lockFile b5ba72b7-projs projs@
16 verbose lock projs@ /Users/mac/.npm/b5ba72b7-projs.lock
17 silly addNameRange { name: 'projs', range: '', hasData: false }
18 verbose url raw projs
19 verbose url resolving [ 'https://registry.npmjs.org/', './projs' ]
20 verbose url resolved https://registry.npmjs.org/projs
21 info trying registry request attempt 1 at 23:57:02
22 verbose etag "50AY7PF0YMZXK7VGAQFRWRQMC"
23 http GET https://registry.npmjs.org/projs
24 info retry will retry, error on last attempt: Error: getaddrinfo ENOTFOUND
25 info trying registry request attempt 2 at 23:57:13
26 verbose etag "50AY7PF0YMZXK7VGAQFRWRQMC"
27 http GET https://registry.npmjs.org/projs
28 info retry will retry, error on last attempt: Error: getaddrinfo ENOTFOUND
29 info trying registry request attempt 3 at 23:58:13
30 verbose etag "50AY7PF0YMZXK7VGAQFRWRQMC"
31 http GET https://registry.npmjs.org/projs
32 http 304 https://registry.npmjs.org/projs
33 silly registry.get cb [ 304,
33 silly registry.get   { server: 'CouchDB/1.3.1 (Erlang OTP/R15B03)',
33 silly registry.get     etag: '"50AY7PF0YMZXK7VGAQFRWRQMC"',
33 silly registry.get     date: 'Mon, 16 Dec 2013 15:58:24 GMT',
33 silly registry.get     'content-length': '0' } ]
34 verbose etag projs from cache
35 silly addNameRange number 2 { name: 'projs', range: '', hasData: true }
36 silly addNameRange versions [ 'projs',
36 silly addNameRange   [ '0.0.1',
36 silly addNameRange     '0.0.2',
36 silly addNameRange     '0.0.3',
36 silly addNameRange     '0.0.4',
36 silly addNameRange     '0.0.5',
36 silly addNameRange     '0.0.6',
36 silly addNameRange     '0.0.7',
36 silly addNameRange     '0.0.9',
36 silly addNameRange     '0.1.0',
36 silly addNameRange     '0.1.1',
36 silly addNameRange     '0.1.2',
36 silly addNameRange     '0.1.3',
36 silly addNameRange     '0.1.4',
36 silly addNameRange     '0.1.5',
36 silly addNameRange     '0.1.6',
36 silly addNameRange     '0.1.7',
36 silly addNameRange     '0.1.8',
36 silly addNameRange     '0.1.9',
36 silly addNameRange     '0.1.10',
36 silly addNameRange     '0.2.0',
36 silly addNameRange     '0.2.1',
36 silly addNameRange     '0.2.2',
36 silly addNameRange     '0.3.0',
36 silly addNameRange     '0.3.1',
36 silly addNameRange     '0.3.2',
36 silly addNameRange     '0.3.3',
36 silly addNameRange     '0.3.4' ] ]
37 verbose addNamed [ 'projs', '0.3.4' ]
38 verbose addNamed [ '0.3.4', '0.3.4' ]
39 silly lockFile 3f54a04b-projs-0-3-4 projs@0.3.4
40 verbose lock projs@0.3.4 /Users/mac/.npm/3f54a04b-projs-0-3-4.lock
41 verbose read json /Users/mac/.npm/projs/0.3.4/package/package.json
42 silly lockFile 3f54a04b-projs-0-3-4 projs@0.3.4
43 silly lockFile 3f54a04b-projs-0-3-4 projs@0.3.4
44 silly lockFile b5ba72b7-projs projs@
45 silly lockFile b5ba72b7-projs projs@
46 silly publish { name: 'projs',
46 silly publish   description: '基于nodejs的前端开发工具包，包括前端开发环境的构建，前端JavaScript/CSS的打包。',
46 silly publish   author:
46 silly publish    { name: 'Stri',
46 silly publish      email: 'stri.vip@gmail.com',
46 silly publish      url: 'http://weibo/stri' },
46 silly publish   contributors: [ { name: 'Stri', email: 'stri.vip@gmail.com' } ],
46 silly publish   bugs:
46 silly publish    { url: 'https://github.com/stri/projs/issues',
46 silly publish      email: 'stri.vip@gmail.com' },
46 silly publish   repository: { type: 'git', url: 'https://github.com/stri/projs.git' },
46 silly publish   version: '0.3.4',
46 silly publish   main: './index.js',
46 silly publish   bin: { projs: './bin/projs' },
46 silly publish   engines: { node: '>=0.4.0' },
46 silly publish   dependencies:
46 silly publish    { less: '1.5.1',
46 silly publish      mkdirp: '0.3.5',
46 silly publish      'node-sass': '0.7.0',
46 silly publish      'uglify-js': '2.3.6',
46 silly publish      optimist: '0.5.0',
46 silly publish      express: '3.2.5',
46 silly publish      'clean-css': '1.1.3' },
46 silly publish   readme: '## projs\n\n>基于`nodejs`的前端开发环境工具，包含了前端开发过程中的代码合并、代码压缩等功能，目的是使前端开发工程师更专注于代码上的开发和其它事上来。另外针对不同团队前端代码包的合并方式不同，增加扩展功能，用于自定义自己团队的包合并方式。更多功能，请查看功能列表。\n\n#### 最新版本\n\n`0.3.3` \t[更新历史及功能列表](https://github.com/stri/projs/issues/5)\n\n    \n#### 特色一：功能众多，使用简单\n\n\n第一步、安装\n\n\tnpm install projs -g\n\t\n第二步、配置要启动服务的目录（此目录是http要访问的目录）\n\n\tprojs root /Users/mac/Documents/projs-demo-workspace/ --config\n\t\n第三步、配置CSS包合并的方式，默认为原生，如果你使用是的`LESS`预编译,则\n\n\tprojs css_package_depend_style less --config\n\t\n第三步、配置JS包合并的方式，默认为`default`(没有包的引用)，如果你使用的是`$import`的方式，则\n\n\tprojs js_package_depend_style import --config\n\t\n第四步、可以进行了开发了。\n\n第五步、开发完之后，进入测试，并部署仿真环境\n\n\tprojs js_compress true --config // 设置压缩JS\n\tprojs css_compress true --config // 设置压缩CSS\n\tprojs css_image_version true --config // CSS图片使用版本号\n\tprojs css_cache true --config // 设置CSS缓存，只进行一次合并\n\tprojs js_cache true --config // 设置JS缓存，只进行一次合并\n\tprojs --start // 启动服务\n\n第六步、打包上线\n\n\tprojs js_compress_path /page/ // 设置JS要打包的目录，多个用逗号隔开\n\tprojs css_compress_path /page/ // 设置css要打包的目录，多个用逗号隔开\n\tprojs https://svn.xx.com/ /page/ --compress --username stri --password 123456\n\t\n第七步、OK\n\n\n#### 特色二：可扩展包的合并方式\n\t\n> 供使用者进行打包方式扩展使用，可扩展自定义的包合并方法，具体参考：[https://github.com/stri/projs/issues/6](https://github.com/stri/projs/issues/6)\n\n\tporjs install http:xx.con/import.js\n\n#### 特色三： `Pro.js`\n\n> 可以像`nodejs`一样写前端JS，更多详情：[基本版](https://github.com/stri/projs/issues/1)、[Pro.js 3系](https://github.com/stri/projs/issues/3);',
46 silly publish   readmeFilename: 'README.md',
46 silly publish   _id: 'projs@0.3.4',
46 silly publish   _from: 'projs@' }
47 info prepublish projs@0.3.4
48 verbose url raw projs
49 verbose url resolving [ 'https://registry.npmjs.org/', './projs' ]
50 verbose url resolved https://registry.npmjs.org/projs
51 info trying registry request attempt 1 at 23:58:27
52 http PUT https://registry.npmjs.org/projs
53 http 409 https://registry.npmjs.org/projs
54 verbose url raw projs
55 verbose url resolving [ 'https://registry.npmjs.org/', './projs' ]
56 verbose url resolved https://registry.npmjs.org/projs
57 info trying registry request attempt 1 at 23:58:30
58 http GET https://registry.npmjs.org/projs
59 http 200 https://registry.npmjs.org/projs
60 error publish fail Cannot publish over existing version.
60 error publish fail Update the 'version' field in package.json and try again.
60 error publish fail
60 error publish fail If the previous version was published in error, see:
60 error publish fail     npm help unpublish
60 error publish fail
60 error publish fail To automatically increment version numbers, see:
60 error publish fail     npm help version
61 error System Darwin 13.0.0
62 error command "node" "/usr/local/bin/npm" "publish" "projs"
63 error cwd /Users/mac/Documents/my_work_space/projs2/projs
64 error node -v v0.10.8
65 error npm -v 1.2.23
66 error code EPUBLISHCONFLICT
67 verbose exit [ 1, true ]
